Started GET "/" for 127.0.0.1 at 2022-05-23 21:45:28 +0400
  [1m[35m (1.2ms)[0m  [1m[34mSELECT sqlite_version(*)[0m
Processing by Rails::WelcomeController#index as HTML
  Rendering /home/k/.rvm/gems/ruby-2.6.6/gems/railties-6.1.6/lib/rails/templates/rails/welcome/index.html.erb
  Rendered /home/k/.rvm/gems/ruby-2.6.6/gems/railties-6.1.6/lib/rails/templates/rails/welcome/index.html.erb (Duration: 7.8ms | Allocations: 506)
Completed 200 OK in 28ms (Views: 12.6ms | ActiveRecord: 0.0ms | Allocations: 4455)


  [1m[35m (0.5ms)[0m  [1m[34mSELECT sqlite_version(*)[0m
  [1m[35m (16.6ms)[0m  [1m[35mCREATE TABLE "schema_migrations" ("version" varchar NOT NULL PRIMARY KEY)[0m
  [1m[35m (4.8ms)[0m  [1m[35mCREATE TABLE "ar_internal_metadata" ("key" varchar NOT NULL PRIMARY KEY, "value" varchar, "created_at" datetime(6) NOT NULL, "updated_at" datetime(6) NOT NULL)[0m
  [1m[35m (0.2ms)[0m  [1m[34mSELECT "schema_migrations"."version" FROM "schema_migrations" ORDER BY "schema_migrations"."version" ASC[0m
Migrating to CreateIdeas (20220523175317)
  [1m[36mTRANSACTION (0.1ms)[0m  [1m[36mbegin transaction[0m
  [1m[35m (0.4ms)[0m  [1m[35mCREATE TABLE "ideas" ("id" integer PRIMARY KEY AUTOINCREMENT NOT NULL, "name" varchar, "description" text, "picture" varchar, "created_at" datetime(6) NOT NULL, "updated_at" datetime(6) NOT NULL)[0m
  [1m[36mActiveRecord::SchemaMigration Create (0.3ms)[0m  [1m[32mINSERT INTO "schema_migrations" ("version") VALUES (?)[0m  [["version", "20220523175317"]]
  [1m[36mTRANSACTION (4.7ms)[0m  [1m[36mcommit transaction[0m
  [1m[36mActiveRecord::InternalMetadata Load (0.2ms)[0m  [1m[34mSELECT "ar_internal_metadata".* FROM "ar_internal_metadata" WHERE "ar_internal_metadata"."key" = ? LIMIT ?[0m  [["key", "environment"], ["LIMIT", 1]]
  [1m[36mTRANSACTION (0.1ms)[0m  [1m[36mbegin transaction[0m
  [1m[36mActiveRecord::InternalMetadata Create (0.3ms)[0m  [1m[32mINSERT INTO "ar_internal_metadata" ("key", "value", "created_at", "updated_at") VALUES (?, ?, ?, ?)[0m  [["key", "environment"], ["value", "development"], ["created_at", "2022-05-23 17:56:04.707250"], ["updated_at", "2022-05-23 17:56:04.707250"]]
  [1m[36mTRANSACTION (4.4ms)[0m  [1m[36mcommit transaction[0m
  [1m[35m (0.1ms)[0m  [1m[34mSELECT sqlite_version(*)[0m
  [1m[35m (0.1ms)[0m  [1m[34mSELECT "schema_migrations"."version" FROM "schema_migrations" ORDER BY "schema_migrations"."version" ASC[0m
Started GET "/" for 127.0.0.1 at 2022-05-23 21:57:36 +0400
  [1m[35m (0.6ms)[0m  [1m[34mSELECT sqlite_version(*)[0m
  [1m[35m (0.2ms)[0m  [1m[34mSELECT "schema_migrations"."version" FROM "schema_migrations" ORDER BY "schema_migrations"."version" ASC[0m
Processing by Rails::WelcomeController#index as HTML
  Rendering /home/k/.rvm/gems/ruby-2.6.6/gems/railties-6.1.6/lib/rails/templates/rails/welcome/index.html.erb
  Rendered /home/k/.rvm/gems/ruby-2.6.6/gems/railties-6.1.6/lib/rails/templates/rails/welcome/index.html.erb (Duration: 7.5ms | Allocations: 343)
Completed 200 OK in 28ms (Views: 10.5ms | ActiveRecord: 0.0ms | Allocations: 2614)


Started GET "/idea" for 127.0.0.1 at 2022-05-23 21:57:45 +0400
  
ActionController::RoutingError (No route matches [GET] "/idea"):
  
Started GET "/ideas" for 127.0.0.1 at 2022-05-23 21:57:48 +0400
Processing by IdeasController#index as HTML
  Rendering layout layouts/application.html.erb
  Rendering ideas/index.html.erb within layouts/application
  [1m[36mIdea Load (0.2ms)[0m  [1m[34mSELECT "ideas".* FROM "ideas"[0m
  ↳ app/views/ideas/index.html.erb:16
  Rendered ideas/index.html.erb within layouts/application (Duration: 3.1ms | Allocations: 1129)
[Webpacker] Compiling...
[Webpacker] Compiled all packs in /home/k/RUBYONRAILS/RAILSGIRLS/projects/railsgirls/public/packs
[Webpacker] Hash: 50e3bf4ccc35a838f1be
Version: webpack 4.46.0
Time: 2339ms
Built at: 05/23/2022 9:57:52 PM
                                     Asset       Size       Chunks                         Chunk Names
    js/application-7d583ba8e3595cd67db2.js    125 KiB  application  [emitted] [immutable]  application
js/application-7d583ba8e3595cd67db2.js.map    139 KiB  application  [emitted] [dev]        application
                             manifest.json  364 bytes               [emitted]              
Entrypoint application = js/application-7d583ba8e3595cd67db2.js js/application-7d583ba8e3595cd67db2.js.map
[./app/javascript/channels sync recursive _channel\.js$] ./app/javascript/channels sync _channel\.js$ 160 bytes {application} [built]
[./app/javascript/channels/index.js] 211 bytes {application} [built]
[./app/javascript/packs/application.js] 492 bytes {application} [built]
[./node_modules/webpack/buildin/module.js] (webpack)/buildin/module.js 552 bytes {application} [built]
    + 3 hidden modules

  Rendered layout layouts/application.html.erb (Duration: 4535.5ms | Allocations: 22135)
Completed 200 OK in 4540ms (Views: 4537.3ms | ActiveRecord: 0.2ms | Allocations: 23801)


Started GET "/ideas" for 127.0.0.1 at 2022-05-23 21:59:36 +0400
Processing by IdeasController#index as HTML
  Rendering layout layouts/application.html.erb
  Rendering ideas/index.html.erb within layouts/application
  [1m[36mIdea Load (0.2ms)[0m  [1m[34mSELECT "ideas".* FROM "ideas"[0m
  ↳ app/views/ideas/index.html.erb:16
  Rendered ideas/index.html.erb within layouts/application (Duration: 4.0ms | Allocations: 999)
[Webpacker] Everything's up-to-date. Nothing to do
  Rendered layout layouts/application.html.erb (Duration: 10.8ms | Allocations: 4362)
Completed 200 OK in 14ms (Views: 12.3ms | ActiveRecord: 0.2ms | Allocations: 5534)


Started GET "/ideas" for 127.0.0.1 at 2022-05-23 22:00:03 +0400
Processing by IdeasController#index as HTML
  Rendering layout layouts/application.html.erb
  Rendering ideas/index.html.erb within layouts/application
  [1m[36mIdea Load (0.2ms)[0m  [1m[34mSELECT "ideas".* FROM "ideas"[0m
  ↳ app/views/ideas/index.html.erb:16
  Rendered ideas/index.html.erb within layouts/application (Duration: 4.8ms | Allocations: 993)
[Webpacker] Everything's up-to-date. Nothing to do
  Rendered layout layouts/application.html.erb (Duration: 10.6ms | Allocations: 4359)
Completed 200 OK in 14ms (Views: 12.3ms | ActiveRecord: 0.2ms | Allocations: 5520)


Started GET "/ideas" for 127.0.0.1 at 2022-05-23 22:02:02 +0400
Processing by IdeasController#index as HTML
  Rendering layout layouts/application.html.erb
  Rendering ideas/index.html.erb within layouts/application
  [1m[36mIdea Load (0.1ms)[0m  [1m[34mSELECT "ideas".* FROM "ideas"[0m
  ↳ app/views/ideas/index.html.erb:16
  Rendered ideas/index.html.erb within layouts/application (Duration: 3.2ms | Allocations: 1001)
[Webpacker] Everything's up-to-date. Nothing to do
  Rendered layout layouts/application.html.erb (Duration: 8.6ms | Allocations: 4410)
Completed 200 OK in 12ms (Views: 10.3ms | ActiveRecord: 0.1ms | Allocations: 5578)


Started GET "/ideas" for 127.0.0.1 at 2022-05-23 22:26:13 +0400
  [1m[35m (0.5ms)[0m  [1m[34mSELECT sqlite_version(*)[0m
  [1m[35m (0.2ms)[0m  [1m[34mSELECT "schema_migrations"."version" FROM "schema_migrations" ORDER BY "schema_migrations"."version" ASC[0m
Processing by IdeasController#index as HTML
  Rendering layout layouts/application.html.erb
  Rendering ideas/index.html.erb within layouts/application
  [1m[36mIdea Load (0.2ms)[0m  [1m[34mSELECT "ideas".* FROM "ideas"[0m
  ↳ app/views/ideas/index.html.erb:16
  Rendered ideas/index.html.erb within layouts/application (Duration: 6.4ms | Allocations: 1177)
[Webpacker] Everything's up-to-date. Nothing to do
  Rendered layout layouts/application.html.erb (Duration: 56.2ms | Allocations: 14962)
Completed 200 OK in 81ms (Views: 61.6ms | ActiveRecord: 0.2ms | Allocations: 17994)


Started GET "/ideas" for 127.0.0.1 at 2022-05-23 22:27:52 +0400
Processing by IdeasController#index as HTML
  Rendering layout layouts/application.html.erb
  Rendering ideas/index.html.erb within layouts/application
  [1m[36mIdea Load (0.1ms)[0m  [1m[34mSELECT "ideas".* FROM "ideas"[0m
  ↳ app/views/ideas/index.html.erb:16
  Rendered ideas/index.html.erb within layouts/application (Duration: 3.1ms | Allocations: 1017)
[Webpacker] Everything's up-to-date. Nothing to do
  Rendered layout layouts/application.html.erb (Duration: 8.2ms | Allocations: 4424)
Completed 200 OK in 12ms (Views: 10.1ms | ActiveRecord: 0.1ms | Allocations: 5600)


Started GET "/ideas" for 127.0.0.1 at 2022-05-23 22:27:54 +0400
Processing by IdeasController#index as HTML
  Rendering layout layouts/application.html.erb
  Rendering ideas/index.html.erb within layouts/application
  [1m[36mIdea Load (0.1ms)[0m  [1m[34mSELECT "ideas".* FROM "ideas"[0m
  ↳ app/views/ideas/index.html.erb:16
  Rendered ideas/index.html.erb within layouts/application (Duration: 1.9ms | Allocations: 738)
[Webpacker] Everything's up-to-date. Nothing to do
  Rendered layout layouts/application.html.erb (Duration: 6.1ms | Allocations: 3923)
Completed 200 OK in 7ms (Views: 6.6ms | ActiveRecord: 0.1ms | Allocations: 4344)


Started GET "/ideas/new" for 127.0.0.1 at 2022-05-23 22:28:13 +0400
Processing by IdeasController#new as HTML
  Rendering layout layouts/application.html.erb
  Rendering ideas/new.html.erb within layouts/application
  Rendered ideas/_form.html.erb (Duration: 25.7ms | Allocations: 10538)
  Rendered ideas/new.html.erb within layouts/application (Duration: 26.9ms | Allocations: 10913)
[Webpacker] Everything's up-to-date. Nothing to do
  Rendered layout layouts/application.html.erb (Duration: 32.6ms | Allocations: 13999)
Completed 200 OK in 41ms (Views: 33.7ms | ActiveRecord: 0.6ms | Allocations: 18498)


Started POST "/ideas" for 127.0.0.1 at 2022-05-23 22:29:52 +0400
Processing by IdeasController#create as HTML
  Parameters: {"authenticity_token"=>"[FILTERED]", "idea"=>{"picture"=>#<ActionDispatch::Http::UploadedFile:0x0000560129eda0c8 @tempfile=#<Tempfile:/tmp/RackMultipart20220523-45869-fmdd80.png>, @original_filename="vlcsnap-2021-10-21-18h51m23s751.png", @content_type="image/png", @headers="Content-Disposition: form-data; name=\"idea[picture]\"; filename=\"vlcsnap-2021-10-21-18h51m23s751.png\"\r\nContent-Type: image/png\r\n">, "description"=>"new adnoc idea"}, "commit"=>"Create Idea"}
  [1m[36mTRANSACTION (0.1ms)[0m  [1m[36mbegin transaction[0m
  ↳ app/controllers/ideas_controller.rb:27:in `block in create'
  [1m[36mIdea Create (0.8ms)[0m  [1m[32mINSERT INTO "ideas" ("description", "picture", "created_at", "updated_at") VALUES (?, ?, ?, ?)[0m  [["description", "new adnoc idea"], ["picture", "#<ActionDispatch::Http::UploadedFile:0x0000560129eda0c8>"], ["created_at", "2022-05-23 18:29:52.067285"], ["updated_at", "2022-05-23 18:29:52.067285"]]
  ↳ app/controllers/ideas_controller.rb:27:in `block in create'
  [1m[36mTRANSACTION (3.3ms)[0m  [1m[36mcommit transaction[0m
  ↳ app/controllers/ideas_controller.rb:27:in `block in create'
Redirected to http://localhost:3000/ideas/1
Completed 302 Found in 16ms (ActiveRecord: 4.1ms | Allocations: 4963)


Started GET "/ideas/1" for 127.0.0.1 at 2022-05-23 22:29:52 +0400
Processing by IdeasController#show as HTML
  Parameters: {"id"=>"1"}
  [1m[36mIdea Load (0.4ms)[0m  [1m[34mSELECT "ideas".* FROM "ideas" WHERE "ideas"."id" = ? LIMIT ?[0m  [["id", 1], ["LIMIT", 1]]
  ↳ app/controllers/ideas_controller.rb:63:in `set_idea'
  Rendering layout layouts/application.html.erb
  Rendering ideas/show.html.erb within layouts/application
  Rendered ideas/show.html.erb within layouts/application (Duration: 9.6ms | Allocations: 3306)
  Rendered layout layouts/application.html.erb (Duration: 10.2ms | Allocations: 3386)
Completed 500 Internal Server Error in 18ms (ActiveRecord: 0.4ms | Allocations: 4906)


  
ActionView::Template::Error (undefined method `picture_url' for #<Idea:0x000056012aaa2478>
Did you mean?  picture_was):
    12: 
    13: <p>
    14:   <strong>Picture:</strong>
    15:   <%= image_tag(@idea.picture_url, width: 600) if @idea.picture.present? %>
    16: </p>
    17: 
    18: <%= link_to 'Edit', edit_idea_path(@idea) %> |
  
app/views/ideas/show.html.erb:15
Started GET "/ideas/1" for 127.0.0.1 at 2022-05-23 22:30:59 +0400
Processing by IdeasController#show as HTML
  Parameters: {"id"=>"1"}
  [1m[36mIdea Load (0.2ms)[0m  [1m[34mSELECT "ideas".* FROM "ideas" WHERE "ideas"."id" = ? LIMIT ?[0m  [["id", 1], ["LIMIT", 1]]
  ↳ app/controllers/ideas_controller.rb:63:in `set_idea'
  Rendering layout layouts/application.html.erb
  Rendering ideas/show.html.erb within layouts/application
  Rendered ideas/show.html.erb within layouts/application (Duration: 1.6ms | Allocations: 348)
[Webpacker] Everything's up-to-date. Nothing to do
  Rendered layout layouts/application.html.erb (Duration: 9.3ms | Allocations: 3886)
Completed 200 OK in 16ms (Views: 11.8ms | ActiveRecord: 0.2ms | Allocations: 5788)


Started GET "/ideas/1/edit" for 127.0.0.1 at 2022-05-23 22:31:07 +0400
Processing by IdeasController#edit as HTML
  Parameters: {"id"=>"1"}
  [1m[36mIdea Load (0.1ms)[0m  [1m[34mSELECT "ideas".* FROM "ideas" WHERE "ideas"."id" = ? LIMIT ?[0m  [["id", 1], ["LIMIT", 1]]
  ↳ app/controllers/ideas_controller.rb:63:in `set_idea'
  Rendering layout layouts/application.html.erb
  Rendering ideas/edit.html.erb within layouts/application
  Rendered ideas/_form.html.erb (Duration: 4.2ms | Allocations: 1605)
  Rendered ideas/edit.html.erb within layouts/application (Duration: 5.5ms | Allocations: 2028)
[Webpacker] Everything's up-to-date. Nothing to do
  Rendered layout layouts/application.html.erb (Duration: 9.9ms | Allocations: 5213)
Completed 200 OK in 14ms (Views: 10.7ms | ActiveRecord: 0.1ms | Allocations: 6346)


Started PATCH "/ideas/1" for 127.0.0.1 at 2022-05-23 22:31:27 +0400
Processing by IdeasController#update as HTML
  Parameters: {"authenticity_token"=>"[FILTERED]", "idea"=>{"picture"=>#<ActionDispatch::Http::UploadedFile:0x00007f67509cea78 @tempfile=#<Tempfile:/tmp/RackMultipart20220523-45869-1pitedh.png>, @original_filename="vlcsnap-2021-10-21-18h51m23s751.png", @content_type="image/png", @headers="Content-Disposition: form-data; name=\"idea[picture]\"; filename=\"vlcsnap-2021-10-21-18h51m23s751.png\"\r\nContent-Type: image/png\r\n">, "description"=>"new adnoc idea"}, "commit"=>"Update Idea", "id"=>"1"}
  [1m[36mIdea Load (0.1ms)[0m  [1m[34mSELECT "ideas".* FROM "ideas" WHERE "ideas"."id" = ? LIMIT ?[0m  [["id", 1], ["LIMIT", 1]]
  ↳ app/controllers/ideas_controller.rb:63:in `set_idea'
  [1m[36mTRANSACTION (0.1ms)[0m  [1m[36mbegin transaction[0m
  ↳ app/controllers/ideas_controller.rb:40:in `block in update'
  [1m[36mIdea Update (0.3ms)[0m  [1m[33mUPDATE "ideas" SET "picture" = ?, "updated_at" = ? WHERE "ideas"."id" = ?[0m  [["picture", "#<ActionDispatch::Http::UploadedFile:0x00007f67509cea78>"], ["updated_at", "2022-05-23 18:31:27.188423"], ["id", 1]]
  ↳ app/controllers/ideas_controller.rb:40:in `block in update'
  [1m[36mTRANSACTION (7.4ms)[0m  [1m[36mcommit transaction[0m
  ↳ app/controllers/ideas_controller.rb:40:in `block in update'
Redirected to http://localhost:3000/ideas/1
Completed 302 Found in 19ms (ActiveRecord: 7.9ms | Allocations: 5530)


Started GET "/ideas/1" for 127.0.0.1 at 2022-05-23 22:31:27 +0400
Processing by IdeasController#show as HTML
  Parameters: {"id"=>"1"}
  [1m[36mIdea Load (0.1ms)[0m  [1m[34mSELECT "ideas".* FROM "ideas" WHERE "ideas"."id" = ? LIMIT ?[0m  [["id", 1], ["LIMIT", 1]]
  ↳ app/controllers/ideas_controller.rb:63:in `set_idea'
  Rendering layout layouts/application.html.erb
  Rendering ideas/show.html.erb within layouts/application
  Rendered ideas/show.html.erb within layouts/application (Duration: 0.4ms | Allocations: 126)
[Webpacker] Everything's up-to-date. Nothing to do
  Rendered layout layouts/application.html.erb (Duration: 5.5ms | Allocations: 3311)
Completed 200 OK in 10ms (Views: 6.9ms | ActiveRecord: 0.1ms | Allocations: 4299)


Started GET "/ideas/1" for 127.0.0.1 at 2022-05-23 22:31:59 +0400
Processing by IdeasController#show as HTML
  Parameters: {"id"=>"1"}
  [1m[35m (0.1ms)[0m  [1m[34mSELECT sqlite_version(*)[0m
  ↳ app/controllers/ideas_controller.rb:63:in `set_idea'
  [1m[36mIdea Load (0.3ms)[0m  [1m[34mSELECT "ideas".* FROM "ideas" WHERE "ideas"."id" = ? LIMIT ?[0m  [["id", 1], ["LIMIT", 1]]
  ↳ app/controllers/ideas_controller.rb:63:in `set_idea'
  Rendering layout layouts/application.html.erb
  Rendering ideas/show.html.erb within layouts/application
  Rendered ideas/show.html.erb within layouts/application (Duration: 0.7ms | Allocations: 275)
[Webpacker] Everything's up-to-date. Nothing to do
  Rendered layout layouts/application.html.erb (Duration: 6.1ms | Allocations: 3446)
Completed 200 OK in 26ms (Views: 7.6ms | ActiveRecord: 1.8ms | Allocations: 10234)


Started GET "/ideas/1" for 127.0.0.1 at 2022-05-23 22:32:11 +0400
Processing by IdeasController#show as HTML
  Parameters: {"id"=>"1"}
  [1m[36mIdea Load (0.1ms)[0m  [1m[34mSELECT "ideas".* FROM "ideas" WHERE "ideas"."id" = ? LIMIT ?[0m  [["id", 1], ["LIMIT", 1]]
  ↳ app/controllers/ideas_controller.rb:63:in `set_idea'
  Rendering layout layouts/application.html.erb
  Rendering ideas/show.html.erb within layouts/application
  Rendered ideas/show.html.erb within layouts/application (Duration: 0.9ms | Allocations: 366)
[Webpacker] Everything's up-to-date. Nothing to do
  Rendered layout layouts/application.html.erb (Duration: 5.7ms | Allocations: 3771)
Completed 200 OK in 10ms (Views: 7.4ms | ActiveRecord: 0.1ms | Allocations: 5497)


Started GET "/ideas/1" for 127.0.0.1 at 2022-05-23 22:32:13 +0400
Processing by IdeasController#show as HTML
  Parameters: {"id"=>"1"}
  [1m[36mIdea Load (0.1ms)[0m  [1m[34mSELECT "ideas".* FROM "ideas" WHERE "ideas"."id" = ? LIMIT ?[0m  [["id", 1], ["LIMIT", 1]]
  ↳ app/controllers/ideas_controller.rb:63:in `set_idea'
  Rendering layout layouts/application.html.erb
  Rendering ideas/show.html.erb within layouts/application
  Rendered ideas/show.html.erb within layouts/application (Duration: 0.5ms | Allocations: 179)
[Webpacker] Everything's up-to-date. Nothing to do
  Rendered layout layouts/application.html.erb (Duration: 4.6ms | Allocations: 3364)
Completed 200 OK in 8ms (Views: 5.3ms | ActiveRecord: 0.1ms | Allocations: 4344)


Started GET "/ideas/1/edit" for 127.0.0.1 at 2022-05-23 22:32:14 +0400
Processing by IdeasController#edit as HTML
  Parameters: {"id"=>"1"}
  [1m[36mIdea Load (0.1ms)[0m  [1m[34mSELECT "ideas".* FROM "ideas" WHERE "ideas"."id" = ? LIMIT ?[0m  [["id", 1], ["LIMIT", 1]]
  ↳ app/controllers/ideas_controller.rb:63:in `set_idea'
  Rendering layout layouts/application.html.erb
  Rendering ideas/edit.html.erb within layouts/application
  Rendered ideas/_form.html.erb (Duration: 3.2ms | Allocations: 1554)
  Rendered ideas/edit.html.erb within layouts/application (Duration: 4.4ms | Allocations: 1974)
[Webpacker] Everything's up-to-date. Nothing to do
  Rendered layout layouts/application.html.erb (Duration: 9.5ms | Allocations: 5157)
Completed 200 OK in 13ms (Views: 10.4ms | ActiveRecord: 0.1ms | Allocations: 6271)


Started PATCH "/ideas/1" for 127.0.0.1 at 2022-05-23 22:32:32 +0400
Processing by IdeasController#update as HTML
  Parameters: {"authenticity_token"=>"[FILTERED]", "idea"=>{"picture"=>#<ActionDispatch::Http::UploadedFile:0x00007f67503ca9b0 @tempfile=#<Tempfile:/tmp/RackMultipart20220523-45869-1c52dp0.png>, @original_filename="vlcsnap-2021-10-21-18h51m23s751.png", @content_type="image/png", @headers="Content-Disposition: form-data; name=\"idea[picture]\"; filename=\"vlcsnap-2021-10-21-18h51m23s751.png\"\r\nContent-Type: image/png\r\n">, "description"=>"new adnoc idea"}, "commit"=>"Update Idea", "id"=>"1"}
  [1m[36mIdea Load (0.1ms)[0m  [1m[34mSELECT "ideas".* FROM "ideas" WHERE "ideas"."id" = ? LIMIT ?[0m  [["id", 1], ["LIMIT", 1]]
  ↳ app/controllers/ideas_controller.rb:63:in `set_idea'
  [1m[36mTRANSACTION (0.1ms)[0m  [1m[36mbegin transaction[0m
  ↳ app/controllers/ideas_controller.rb:40:in `block in update'
  [1m[36mIdea Update (0.3ms)[0m  [1m[33mUPDATE "ideas" SET "picture" = ?, "updated_at" = ? WHERE "ideas"."id" = ?[0m  [["picture", "vlcsnap-2021-10-21-18h51m23s751.png"], ["updated_at", "2022-05-23 18:32:32.244561"], ["id", 1]]
  ↳ app/controllers/ideas_controller.rb:40:in `block in update'
  [1m[36mTRANSACTION (3.4ms)[0m  [1m[36mcommit transaction[0m
  ↳ app/controllers/ideas_controller.rb:40:in `block in update'
Redirected to http://localhost:3000/ideas/1
Completed 302 Found in 31ms (ActiveRecord: 4.0ms | Allocations: 12752)


Started GET "/ideas/1" for 127.0.0.1 at 2022-05-23 22:32:32 +0400
Processing by IdeasController#show as HTML
  Parameters: {"id"=>"1"}
  [1m[36mIdea Load (0.4ms)[0m  [1m[34mSELECT "ideas".* FROM "ideas" WHERE "ideas"."id" = ? LIMIT ?[0m  [["id", 1], ["LIMIT", 1]]
  ↳ app/controllers/ideas_controller.rb:63:in `set_idea'
  Rendering layout layouts/application.html.erb
  Rendering ideas/show.html.erb within layouts/application
  Rendered ideas/show.html.erb within layouts/application (Duration: 0.8ms | Allocations: 237)
[Webpacker] Everything's up-to-date. Nothing to do
  Rendered layout layouts/application.html.erb (Duration: 6.3ms | Allocations: 3423)
Completed 200 OK in 9ms (Views: 7.0ms | ActiveRecord: 0.4ms | Allocations: 4411)


Started GET "/ideas" for 127.0.0.1 at 2022-05-23 22:32:47 +0400
Processing by IdeasController#index as HTML
  Rendering layout layouts/application.html.erb
  Rendering ideas/index.html.erb within layouts/application
  [1m[36mIdea Load (0.2ms)[0m  [1m[34mSELECT "ideas".* FROM "ideas"[0m
  ↳ app/views/ideas/index.html.erb:16
  Rendered ideas/index.html.erb within layouts/application (Duration: 4.2ms | Allocations: 1285)
[Webpacker] Everything's up-to-date. Nothing to do
  Rendered layout layouts/application.html.erb (Duration: 8.5ms | Allocations: 4471)
Completed 200 OK in 10ms (Views: 9.1ms | ActiveRecord: 0.2ms | Allocations: 5029)


Started GET "/ideas/1" for 127.0.0.1 at 2022-05-23 22:32:52 +0400
Processing by IdeasController#show as HTML
  Parameters: {"id"=>"1"}
  [1m[36mIdea Load (0.1ms)[0m  [1m[34mSELECT "ideas".* FROM "ideas" WHERE "ideas"."id" = ? LIMIT ?[0m  [["id", 1], ["LIMIT", 1]]
  ↳ app/controllers/ideas_controller.rb:63:in `set_idea'
  Rendering layout layouts/application.html.erb
  Rendering ideas/show.html.erb within layouts/application
  Rendered ideas/show.html.erb within layouts/application (Duration: 1.3ms | Allocations: 228)
[Webpacker] Everything's up-to-date. Nothing to do
  Rendered layout layouts/application.html.erb (Duration: 7.7ms | Allocations: 3413)
Completed 200 OK in 11ms (Views: 8.5ms | ActiveRecord: 0.1ms | Allocations: 4399)


Started GET "/ideas" for 127.0.0.1 at 2022-05-23 22:32:54 +0400
Processing by IdeasController#index as HTML
  Rendering layout layouts/application.html.erb
  Rendering ideas/index.html.erb within layouts/application
  [1m[36mIdea Load (0.1ms)[0m  [1m[34mSELECT "ideas".* FROM "ideas"[0m
  ↳ app/views/ideas/index.html.erb:16
  Rendered ideas/index.html.erb within layouts/application (Duration: 3.1ms | Allocations: 987)
[Webpacker] Everything's up-to-date. Nothing to do
  Rendered layout layouts/application.html.erb (Duration: 7.9ms | Allocations: 4172)
Completed 200 OK in 9ms (Views: 8.5ms | ActiveRecord: 0.1ms | Allocations: 4599)


Started GET "/" for 127.0.0.1 at 2022-05-23 22:34:45 +0400
Started GET "/ideas" for 127.0.0.1 at 2022-05-23 22:34:45 +0400
Processing by IdeasController#index as HTML
  Rendering layout layouts/application.html.erb
  Rendering ideas/index.html.erb within layouts/application
  [1m[35m (0.1ms)[0m  [1m[34mSELECT sqlite_version(*)[0m
  ↳ app/views/ideas/index.html.erb:16
  [1m[36mIdea Load (0.4ms)[0m  [1m[34mSELECT "ideas".* FROM "ideas"[0m
  ↳ app/views/ideas/index.html.erb:16
  Rendered ideas/index.html.erb within layouts/application (Duration: 24.2ms | Allocations: 5192)
[Webpacker] Everything's up-to-date. Nothing to do
  Rendered layout layouts/application.html.erb (Duration: 39.4ms | Allocations: 8552)
Completed 200 OK in 43ms (Views: 40.6ms | ActiveRecord: 2.0ms | Allocations: 10254)


Started GET "/pages/info" for 127.0.0.1 at 2022-05-23 22:37:25 +0400
  [1m[35m (0.6ms)[0m  [1m[34mSELECT sqlite_version(*)[0m
  [1m[35m (0.2ms)[0m  [1m[34mSELECT "schema_migrations"."version" FROM "schema_migrations" ORDER BY "schema_migrations"."version" ASC[0m
Processing by PagesController#info as HTML
  Rendering layout layouts/application.html.erb
  Rendering pages/info.html.erb within layouts/application
  Rendered pages/info.html.erb within layouts/application (Duration: 0.6ms | Allocations: 230)
[Webpacker] Everything's up-to-date. Nothing to do
  Rendered layout layouts/application.html.erb (Duration: 59.5ms | Allocations: 19629)
Completed 200 OK in 80ms (Views: 62.1ms | ActiveRecord: 0.0ms | Allocations: 22377)


Started GET "/pages/info" for 127.0.0.1 at 2022-05-23 22:38:57 +0400
Processing by PagesController#info as HTML
  Rendering layout layouts/application.html.erb
  Rendering pages/info.html.erb within layouts/application
  Rendered pages/info.html.erb within layouts/application (Duration: 0.4ms | Allocations: 112)
[Webpacker] Everything's up-to-date. Nothing to do
  Rendered layout layouts/application.html.erb (Duration: 12.7ms | Allocations: 3602)
Completed 200 OK in 17ms (Views: 15.4ms | ActiveRecord: 0.0ms | Allocations: 4746)


Started GET "/ideas" for 127.0.0.1 at 2022-05-23 22:39:07 +0400
Processing by IdeasController#index as HTML
  Rendering layout layouts/application.html.erb
  Rendering ideas/index.html.erb within layouts/application
  [1m[36mIdea Load (0.3ms)[0m  [1m[34mSELECT "ideas".* FROM "ideas"[0m
  ↳ app/views/ideas/index.html.erb:16
  Rendered ideas/index.html.erb within layouts/application (Duration: 13.4ms | Allocations: 5369)
[Webpacker] Everything's up-to-date. Nothing to do
  Rendered layout layouts/application.html.erb (Duration: 18.5ms | Allocations: 8601)
Completed 200 OK in 38ms (Views: 31.2ms | ActiveRecord: 1.2ms | Allocations: 10803)


Started GET "/ideas/1" for 127.0.0.1 at 2022-05-23 22:39:29 +0400
Processing by IdeasController#show as HTML
  Parameters: {"id"=>"1"}
  [1m[36mIdea Load (0.3ms)[0m  [1m[34mSELECT "ideas".* FROM "ideas" WHERE "ideas"."id" = ? LIMIT ?[0m  [["id", 1], ["LIMIT", 1]]
  ↳ app/controllers/ideas_controller.rb:63:in `set_idea'
  Rendering layout layouts/application.html.erb
  Rendering ideas/show.html.erb within layouts/application
  Rendered ideas/show.html.erb within layouts/application (Duration: 1.3ms | Allocations: 423)
[Webpacker] Everything's up-to-date. Nothing to do
  Rendered layout layouts/application.html.erb (Duration: 6.3ms | Allocations: 3689)
Completed 200 OK in 12ms (Views: 7.4ms | ActiveRecord: 0.3ms | Allocations: 5232)


Started GET "/ideas" for 127.0.0.1 at 2022-05-23 22:39:31 +0400
Processing by IdeasController#index as HTML
  Rendering layout layouts/application.html.erb
  Rendering ideas/index.html.erb within layouts/application
  [1m[36mIdea Load (0.1ms)[0m  [1m[34mSELECT "ideas".* FROM "ideas"[0m
  ↳ app/views/ideas/index.html.erb:16
  Rendered ideas/index.html.erb within layouts/application (Duration: 3.1ms | Allocations: 999)
[Webpacker] Everything's up-to-date. Nothing to do
  Rendered layout layouts/application.html.erb (Duration: 7.7ms | Allocations: 4266)
Completed 200 OK in 10ms (Views: 9.3ms | ActiveRecord: 0.1ms | Allocations: 4702)


Started GET "/pages/info" for 127.0.0.1 at 2022-05-23 22:39:45 +0400
Processing by PagesController#info as HTML
  Rendering layout layouts/application.html.erb
  Rendering pages/info.html.erb within layouts/application
  Rendered pages/info.html.erb within layouts/application (Duration: 0.1ms | Allocations: 38)
[Webpacker] Everything's up-to-date. Nothing to do
  Rendered layout layouts/application.html.erb (Duration: 4.7ms | Allocations: 3307)
Completed 200 OK in 6ms (Views: 5.4ms | ActiveRecord: 0.0ms | Allocations: 3719)


